Using pre-set license
Built from '2020.3/staging' branch; Version is '2020.3.20f1 (41c4e627c95f) revision 4310246'; Using compiler version '192528614'; Build Type 'Release'
OS: 'Windows 10 Home; OS build 19043.1415; Version 2009; 64bit' Language: 'en' Physical Memory: 16247 MB
BatchMode: 1, IsHumanControllingUs: 0, StartBugReporterOnCrash: 0, Is64bit: 1, IsPro: 0

COMMAND LINE ARGUMENTS:
C:\Program Files\Unity\Hub\Editor\2020.3.20f1\Editor\Unity.exe
-adb2
-batchMode
-noUpm
-name
AssetImportWorker0
-projectPath
C:/Users/maria/Documents/VuforiaSamplePoroject
-logFile
Logs/AssetImportWorker0.log
-srvPort
61002
Successfully changed project path to: C:/Users/maria/Documents/VuforiaSamplePoroject
C:/Users/maria/Documents/VuforiaSamplePoroject
Using Asset Import Pipeline V2.
Refreshing native plugins compatible for Editor in 279.01 ms, found 11 plugins.
Preloading 3 native plugins for Editor in 21.80 ms.
Initialize engine version: 2020.3.20f1 (41c4e627c95f)
[Subsystems] Discovering subsystems at path C:/Program Files/Unity/Hub/Editor/2020.3.20f1/Editor/Data/Resources/UnitySubsystems
[Subsystems] Discovering subsystems at path C:/Users/maria/Documents/VuforiaSamplePoroject/Assets
GfxDevice: creating device client; threaded=0
Direct3D:
    Version:  Direct3D 11.0 [level 11.1]
    Renderer: NVIDIA GeForce RTX 3070 Laptop GPU (ID=0x249d)
    Vendor:   
    VRAM:     8044 MB
    Driver:   27.21.14.6589
Initialize mono
Mono path[0] = 'C:/Program Files/Unity/Hub/Editor/2020.3.20f1/Editor/Data/Managed'
Mono path[1] = 'C:/Program Files/Unity/Hub/Editor/2020.3.20f1/Editor/Data/MonoBleedingEdge/lib/mono/unityjit'
Mono config path = 'C:/Program Files/Unity/Hub/Editor/2020.3.20f1/Editor/Data/MonoBleedingEdge/etc'
Using monoOptions --debugger-agent=transport=dt_socket,embedding=1,server=y,suspend=n,address=127.0.0.1:56692
Begin MonoManager ReloadAssembly
Registering precompiled unity dll's ...
Register platform support module: C:/Program Files/Unity/Hub/Editor/2020.3.20f1/Editor/Data/PlaybackEngines/WindowsStandaloneSupport/UnityEditor.WindowsStandalone.Extensions.dll
Registered in 0.001517 seconds.
Native extension for WindowsStandalone target not found
Refreshing native plugins compatible for Editor in 69.34 ms, found 11 plugins.
Preloading 3 native plugins for Editor in 0.13 ms.
Mono: successfully reloaded assembly
- Completed reload, in  1.268 seconds
Domain Reload Profiling:
	ReloadAssembly (1268ms)
		BeginReloadAssembly (52ms)
			ExecutionOrderSort (0ms)
			DisableScriptedObjects (0ms)
			BackupInstance (0ms)
			ReleaseScriptingObjects (0ms)
			CreateAndSetChildDomain (1ms)
		EndReloadAssembly (500ms)
			LoadAssemblies (49ms)
			RebuildTransferFunctionScriptingTraits (0ms)
			SetupTypeCache (219ms)
			ReleaseScriptCaches (0ms)
			RebuildScriptCaches (29ms)
			SetupLoadedEditorAssemblies (170ms)
				LogAssemblyErrors (0ms)
				InitializePlatformSupportModulesInManaged (3ms)
				SetLoadedEditorAssemblies (0ms)
				RefreshPlugins (70ms)
				BeforeProcessingInitializeOnLoad (9ms)
				ProcessInitializeOnLoadAttributes (63ms)
				ProcessInitializeOnLoadMethodAttributes (25ms)
				AfterProcessingInitializeOnLoad (0ms)
				EditorAssembliesLoaded (0ms)
			ExecutionOrderSort2 (0ms)
			AwakeInstancesAfterBackupRestoration (0ms)
Platform modules already initialized, skipping
Registering precompiled user dll's ...
Registered in 0.416546 seconds.
Begin MonoManager ReloadAssembly
Native extension for WindowsStandalone target not found
Refreshing native plugins compatible for Editor in 65.98 ms, found 11 plugins.
Preloading 3 native plugins for Editor in 0.13 ms.
System.NullReferenceException: Object reference not set to an instance of an object
  at Vuforia.EditorClasses.ExtensionTypeProvider.GetVuforiaPackageAbsPath () [0x0004a] in <67f168408fbf4fce9c04342c093e9fe7>:0 
  at Vuforia.EditorClasses.ExtensionTypeProvider.IsPackageManager () [0x00000] in <67f168408fbf4fce9c04342c093e9fe7>:0 
  at Vuforia.EditorClasses.ExtensionTypeProvider.ResolvePluginType () [0x00009] in <67f168408fbf4fce9c04342c093e9fe7>:0 
  at Vuforia.EditorClasses.ExtensionTypeProvider.GetPluginType () [0x0000c] in <67f168408fbf4fce9c04342c093e9fe7>:0 
  at Vuforia.EditorClasses.VuforiaUtilities.IsVuforiaEnabledInPlayerSettings () [0x00000] in <67f168408fbf4fce9c04342c093e9fe7>:0 
  at VuforiaEnabledObserver..cctor () [0x00000] in <67f168408fbf4fce9c04342c093e9fe7>:0 
UnityEngine.StackTraceUtility:ExtractStackTrace ()
UnityEngine.DebugLogHandler:LogFormat (UnityEngine.LogType,UnityEngine.Object,string,object[])
UnityEngine.Logger:Log (UnityEngine.LogType,object)
UnityEngine.Debug:LogError (object)
UnityEditor.EditorAssemblies:ProcessInitializeOnLoadAttributes (System.Type[])

System.NullReferenceException: Object reference not set to an instance of an object
  at Vuforia.EditorClasses.ExtensionTypeProvider.GetVuforiaPackageAbsPath () [0x0004a] in <67f168408fbf4fce9c04342c093e9fe7>:0 
  at Vuforia.EditorClasses.ExtensionTypeProvider.IsPackageManager () [0x00000] in <67f168408fbf4fce9c04342c093e9fe7>:0 
  at Vuforia.EditorClasses.ExtensionTypeProvider.ResolvePluginType () [0x00009] in <67f168408fbf4fce9c04342c093e9fe7>:0 
  at Vuforia.EditorClasses.ExtensionTypeProvider.GetPluginType () [0x0000c] in <67f168408fbf4fce9c04342c093e9fe7>:0 
  at Vuforia.EditorClasses.VuforiaUtilities.IsVuforiaEnabledInPlayerSettings () [0x00000] in <67f168408fbf4fce9c04342c093e9fe7>:0 
  at Vuforia.EditorClasses.InitializeOnLoadVuforiaTaskRunner..cctor () [0x00015] in <67f168408fbf4fce9c04342c093e9fe7>:0 
UnityEngine.StackTraceUtility:ExtractStackTrace ()
UnityEngine.DebugLogHandler:LogFormat (UnityEngine.LogType,UnityEngine.Object,string,object[])
UnityEngine.Logger:Log (UnityEngine.LogType,object)
UnityEngine.Debug:LogError (object)
UnityEditor.EditorAssemblies:ProcessInitializeOnLoadAttributes (System.Type[])

Mono: successfully reloaded assembly
- Completed reload, in  2.398 seconds
Domain Reload Profiling:
	ReloadAssembly (2402ms)
		BeginReloadAssembly (113ms)
			ExecutionOrderSort (0ms)
			DisableScriptedObjects (4ms)
			BackupInstance (0ms)
			ReleaseScriptingObjects (0ms)
			CreateAndSetChildDomain (15ms)
		EndReloadAssembly (2239ms)
			LoadAssemblies (83ms)
			RebuildTransferFunctionScriptingTraits (0ms)
			SetupTypeCache (274ms)
			ReleaseScriptCaches (1ms)
			RebuildScriptCaches (68ms)
			SetupLoadedEditorAssemblies (1687ms)
				LogAssemblyErrors (0ms)
				InitializePlatformSupportModulesInManaged (3ms)
				SetLoadedEditorAssemblies (0ms)
				RefreshPlugins (66ms)
				BeforeProcessingInitializeOnLoad (107ms)
				ProcessInitializeOnLoadAttributes (869ms)
				ProcessInitializeOnLoadMethodAttributes (636ms)
				AfterProcessingInitializeOnLoad (5ms)
				EditorAssembliesLoaded (0ms)
			ExecutionOrderSort2 (0ms)
			AwakeInstancesAfterBackupRestoration (7ms)
Platform modules already initialized, skipping
========================================================================
Worker process is ready to serve import requests
Launched and connected shader compiler UnityShaderCompiler.exe after 0.08 seconds
Refreshing native plugins compatible for Editor in 1.02 ms, found 11 plugins.
Preloading 3 native plugins for Editor in 0.15 ms.
Unloading 3565 Unused Serialized files (Serialized files now loaded: 0)
System memory in use before: 163.1 MB.
System memory in use after: 162.6 MB.

Unloading 801 unused Assets to reduce memory usage. Loaded Objects now: 4040.
Total: 5.922900 ms (FindLiveObjects: 0.381500 ms CreateObjectMapping: 0.215000 ms MarkObjects: 3.894800 ms  DeleteObjects: 1.429900 ms)

AssetImportParameters requested are different than current active one (requested -> active):
  custom:framework-win-MediaFoundation: 216162199b28c13a410421893ffa2e32 -> 
  custom:video-decoder-ogg-theora: a1e56fd34408186e4bbccfd4996cb3dc -> 
  custom:container-muxer-webm: aa71ff27fc2769a1b78a27578f13a17b -> 
  custom:container-demuxer-webm: 4f35f7cbe854078d1ac9338744f61a02 -> 
  custom:container-demuxer-ogg: 62fdf1f143b41e24485cea50d1cbac27 -> 
  custom:video-encoder-webm-vp8: eb34c28f22e8b96e1ab97ce403110664 -> 
  custom:video-decoder-webm-vp8: 9c59270c3fd7afecdb556c50c9e8de78 -> 
  custom:audio-decoder-ogg-vorbis: bf7c407c2cedff20999df2af8eb42d56 -> 
  custom:audio-encoder-webm-vorbis: bf7c407c2cedff20999df2af8eb42d56 -> 
========================================================================
Received Import Request.
  path: Assets/MRTK/StandardAssets/Textures/MotionController_right_black_scaled.png
  artifactKey: Guid(8e8fc4c5d417b754280cd920d79a5e7f) Importer(815301076,1909f56bfc062723c751e8b465ee728b)
Start importing Assets/MRTK/StandardAssets/Textures/MotionController_right_black_scaled.png using Guid(8e8fc4c5d417b754280cd920d79a5e7f) Importer(815301076,1909f56bfc062723c751e8b465ee728b)  -> (artifact id: 'd833f31de538f57e2edfed229498e028') in 0.117922 seconds 
  Import took 0.123591 seconds .

========================================================================
Received Import Request.
  Time since last request: 0.000258 seconds.
  path: Assets/SampleResources/SceneAssets/ImageTargets/Sprites/Oxygen_scaled.jpg
  artifactKey: Guid(60717faa15352364495b13ca399ea2d4) Importer(815301076,1909f56bfc062723c751e8b465ee728b)
Start importing Assets/SampleResources/SceneAssets/ImageTargets/Sprites/Oxygen_scaled.jpg using Guid(60717faa15352364495b13ca399ea2d4) Importer(815301076,1909f56bfc062723c751e8b465ee728b)  -> (artifact id: '8766c143a1e4fa79a293e94a60cfe31b') in 0.032782 seconds 
  Import took 0.038353 seconds .

========================================================================
Received Import Request.
  Time since last request: 0.000271 seconds.
  path: Assets/Common/Sprites/reset.png
  artifactKey: Guid(6c8cc212fd1504c00831c2b73b4fb52a) Importer(815301076,1909f56bfc062723c751e8b465ee728b)
Start importing Assets/Common/Sprites/reset.png using Guid(6c8cc212fd1504c00831c2b73b4fb52a) Importer(815301076,1909f56bfc062723c751e8b465ee728b)  -> (artifact id: '9343f2f6b1e55589c01b9e37e2a17be8') in 0.019671 seconds 
  Import took 0.026251 seconds .

========================================================================
Received Import Request.
  Time since last request: 0.000139 seconds.
  path: Assets/Common/Icons/UWP/SplashScreen.scale-100.png
  artifactKey: Guid(de5a9ac105040ee4c8837f65201981bf) Importer(815301076,1909f56bfc062723c751e8b465ee728b)
Start importing Assets/Common/Icons/UWP/SplashScreen.scale-100.png using Guid(de5a9ac105040ee4c8837f65201981bf) Importer(815301076,1909f56bfc062723c751e8b465ee728b)  -> (artifact id: '1ac7a5f31405fd8a1928a33943450928') in 0.024255 seconds 
  Import took 0.029190 seconds .

========================================================================
Received Import Request.
  Time since last request: 0.000182 seconds.
  path: Assets/MRTK/StandardAssets/Textures/OculusControllersTouch_left_white_scaled.png
  artifactKey: Guid(8485eaaddfc849647a3b00d6006e6bc8) Importer(815301076,1909f56bfc062723c751e8b465ee728b)
Start importing Assets/MRTK/StandardAssets/Textures/OculusControllersTouch_left_white_scaled.png using Guid(8485eaaddfc849647a3b00d6006e6bc8) Importer(815301076,1909f56bfc062723c751e8b465ee728b)  -> (artifact id: '59ec231eea7b3cf64d85b29a7cdc2aea') in 0.024925 seconds 
  Import took 0.032167 seconds .

========================================================================
Received Import Request.
  Time since last request: 0.000172 seconds.
  path: Assets/MRTK/StandardAssets/Textures/OculusRemoteController_black.png
  artifactKey: Guid(2b90b3ff0e9f24a43a1f8ffacaa12ca7) Importer(815301076,1909f56bfc062723c751e8b465ee728b)
Start importing Assets/MRTK/StandardAssets/Textures/OculusRemoteController_black.png using Guid(2b90b3ff0e9f24a43a1f8ffacaa12ca7) Importer(815301076,1909f56bfc062723c751e8b465ee728b)  -> (artifact id: 'd7f228a0210368ba894d8af30f8e4064') in 0.031629 seconds 
  Import took 0.036246 seconds .

========================================================================
Received Import Request.
  Time since last request: 0.000162 seconds.
  path: Assets/MRTK/StandardAssets/Textures/OculusRemoteController_black_scaled.png
  artifactKey: Guid(4f391b0f78f0f294585d13e6e4ddbcc4) Importer(815301076,1909f56bfc062723c751e8b465ee728b)
Start importing Assets/MRTK/StandardAssets/Textures/OculusRemoteController_black_scaled.png using Guid(4f391b0f78f0f294585d13e6e4ddbcc4) Importer(815301076,1909f56bfc062723c751e8b465ee728b)  -> (artifact id: '2cac1d1634c12165d72545393117f990') in 0.019512 seconds 
  Import took 0.023858 seconds .

========================================================================
Received Import Request.
  Time since last request: 0.000265 seconds.
  path: Assets/MRTK/StandardAssets/Textures/OculusRemoteController_white_scaled.png
  artifactKey: Guid(96d001f4572ca3e4485a62e1a049524e) Importer(815301076,1909f56bfc062723c751e8b465ee728b)
Start importing Assets/MRTK/StandardAssets/Textures/OculusRemoteController_white_scaled.png using Guid(96d001f4572ca3e4485a62e1a049524e) Importer(815301076,1909f56bfc062723c751e8b465ee728b)  -> (artifact id: 'c8c0106db7f30aecece353a7802b21cc') in 0.018612 seconds 
  Import took 0.025411 seconds .

========================================================================
Received Import Request.
  Time since last request: 0.000229 seconds.
  path: Assets/MRTK/SDK/StandardAssets/Textures/ResetRotation.png
  artifactKey: Guid(aa45486a0040b0942a3fe77bcba4ff4c) Importer(815301076,1909f56bfc062723c751e8b465ee728b)
Start importing Assets/MRTK/SDK/StandardAssets/Textures/ResetRotation.png using Guid(aa45486a0040b0942a3fe77bcba4ff4c) Importer(815301076,1909f56bfc062723c751e8b465ee728b)  -> (artifact id: '2c5d883700fb726f82117f5d375b6653') in 0.026700 seconds 
  Import took 0.031140 seconds .

========================================================================
Received Import Request.
  Time since last request: 0.000231 seconds.
  path: Assets/MRTK/StandardAssets/Textures/MotionController_right_white.png
  artifactKey: Guid(6588fe8449020f74488b8b667ce2f435) Importer(815301076,1909f56bfc062723c751e8b465ee728b)
Start importing Assets/MRTK/StandardAssets/Textures/MotionController_right_white.png using Guid(6588fe8449020f74488b8b667ce2f435) Importer(815301076,1909f56bfc062723c751e8b465ee728b)  -> (artifact id: 'a2605e195cfe1a5722167d85bfed1a10') in 0.018419 seconds 
  Import took 0.022725 seconds .

========================================================================
Received Import Request.
  Time since last request: 0.000161 seconds.
  path: Assets/MRTK/StandardAssets/Textures/OculusControllersTouch_right_black_scaled.png
  artifactKey: Guid(0ea40b842547d784082ebf2698d3f08b) Importer(815301076,1909f56bfc062723c751e8b465ee728b)
Start importing Assets/MRTK/StandardAssets/Textures/OculusControllersTouch_right_black_scaled.png using Guid(0ea40b842547d784082ebf2698d3f08b) Importer(815301076,1909f56bfc062723c751e8b465ee728b)  -> (artifact id: '35939267341a164ac8e81afa20d238e4') in 0.022634 seconds 
  Import took 0.027217 seconds .

========================================================================
Received Import Request.
  Time since last request: 0.000152 seconds.
  path: Assets/Common/Sprites/spinner.png
  artifactKey: Guid(264807bb2ba1ba24daeba940d6cdbade) Importer(815301076,1909f56bfc062723c751e8b465ee728b)
Start importing Assets/Common/Sprites/spinner.png using Guid(264807bb2ba1ba24daeba940d6cdbade) Importer(815301076,1909f56bfc062723c751e8b465ee728b)  -> (artifact id: '28d3c8548dda21dd758d0caf35a114c7') in 0.020238 seconds 
  Import took 0.025192 seconds .

========================================================================
Received Import Request.
  Time since last request: 0.000188 seconds.
  path: Assets/MRTK/StandardAssets/Textures/MRTK_Logo_Black.png
  artifactKey: Guid(c2c00ef21cc44bcfa09695879e0ebecd) Importer(815301076,1909f56bfc062723c751e8b465ee728b)
Start importing Assets/MRTK/StandardAssets/Textures/MRTK_Logo_Black.png using Guid(c2c00ef21cc44bcfa09695879e0ebecd) Importer(815301076,1909f56bfc062723c751e8b465ee728b)  -> (artifact id: '2853f3ef882975eba7b0d62a69690c3e') in 0.027442 seconds 
  Import took 0.036192 seconds .

========================================================================
Received Import Request.
  Time since last request: 0.000330 seconds.
  path: Assets/MRTK/SDK/Experimental/NonNativeKeyboard/Icons/Placeholder.png
  artifactKey: Guid(2adc8135dd936004db37d5cead85f951) Importer(815301076,1909f56bfc062723c751e8b465ee728b)
Start importing Assets/MRTK/SDK/Experimental/NonNativeKeyboard/Icons/Placeholder.png using Guid(2adc8135dd936004db37d5cead85f951) Importer(815301076,1909f56bfc062723c751e8b465ee728b)  -> (artifact id: 'cbfa84465a6e45290221bcfed6033fd4') in 0.018955 seconds 
  Import took 0.023482 seconds .

========================================================================
Received Import Request.
  Time since last request: 0.000198 seconds.
  path: Assets/Common/Icons/UWP/SplashScreen.scale-125.png
  artifactKey: Guid(1f3678bd16e407946824f7f20e6e513d) Importer(815301076,1909f56bfc062723c751e8b465ee728b)
Start importing Assets/Common/Icons/UWP/SplashScreen.scale-125.png using Guid(1f3678bd16e407946824f7f20e6e513d) Importer(815301076,1909f56bfc062723c751e8b465ee728b)  -> (artifact id: '98ef38946cc03be8e41df7a862163168') in 0.020107 seconds 
  Import took 0.026203 seconds .

========================================================================
Received Import Request.
  Time since last request: 0.000224 seconds.
  path: Assets/SampleResources/SceneAssets/VuMarks/Sprites/VuMarkSample.png
  artifactKey: Guid(ca82b136a476d47ad98feb1b06840111) Importer(815301076,1909f56bfc062723c751e8b465ee728b)
Start importing Assets/SampleResources/SceneAssets/VuMarks/Sprites/VuMarkSample.png using Guid(ca82b136a476d47ad98feb1b06840111) Importer(815301076,1909f56bfc062723c751e8b465ee728b)  -> (artifact id: '07f9f3c05d83bac2884302d1607515a7') in 0.019150 seconds 
  Import took 0.023646 seconds .

========================================================================
Received Import Request.
  Time since last request: 0.000256 seconds.
  path: Assets/MRTK/StandardAssets/Textures/MouseCursor.png
  artifactKey: Guid(3038942a8632b664795da551e3a65b25) Importer(815301076,1909f56bfc062723c751e8b465ee728b)
Start importing Assets/MRTK/StandardAssets/Textures/MouseCursor.png using Guid(3038942a8632b664795da551e3a65b25) Importer(815301076,1909f56bfc062723c751e8b465ee728b)  -> (artifact id: 'd8c306b2751b06e2cba292cd751b0c31') in 0.021860 seconds 
  Import took 0.028657 seconds .

========================================================================
Received Import Request.
  Time since last request: 0.000290 seconds.
  path: Assets/MRTK/StandardAssets/Textures/OculusControllersTouch_left_black_scaled.png
  artifactKey: Guid(d651fc00b471cfe44834a222e9433461) Importer(815301076,1909f56bfc062723c751e8b465ee728b)
Start importing Assets/MRTK/StandardAssets/Textures/OculusControllersTouch_left_black_scaled.png using Guid(d651fc00b471cfe44834a222e9433461) Importer(815301076,1909f56bfc062723c751e8b465ee728b)  -> (artifact id: 'bc89b548af5d25a43143e7607e0db88c') in 0.028445 seconds 
  Import took 0.033847 seconds .

========================================================================
Received Import Request.
  Time since last request: 0.000181 seconds.
  path: Assets/MRTK/StandardAssets/Textures/MotionController_right_white_scaled.png
  artifactKey: Guid(417cf16dd6895c44f82149efa15170d5) Importer(815301076,1909f56bfc062723c751e8b465ee728b)
Start importing Assets/MRTK/StandardAssets/Textures/MotionController_right_white_scaled.png using Guid(417cf16dd6895c44f82149efa15170d5) Importer(815301076,1909f56bfc062723c751e8b465ee728b)  -> (artifact id: 'e6b8971583e0f57171402fd1e534f4f0') in 0.016660 seconds 
  Import took 0.020996 seconds .

========================================================================
Received Import Request.
  Time since last request: 0.000207 seconds.
  path: Assets/Common/Sprites/vuforia_logo.png
  artifactKey: Guid(e0866a3fe6007224a9e3078d831ce6fc) Importer(815301076,1909f56bfc062723c751e8b465ee728b)
Start importing Assets/Common/Sprites/vuforia_logo.png using Guid(e0866a3fe6007224a9e3078d831ce6fc) Importer(815301076,1909f56bfc062723c751e8b465ee728b)  -> (artifact id: '5ee5332d647ee3dda3eccc0c08541244') in 0.014536 seconds 
  Import took 0.018760 seconds .

========================================================================
Received Import Request.
  Time since last request: 0.000274 seconds.
  path: Assets/MRTK/StandardAssets/Textures/OculusRemoteController_white.png
  artifactKey: Guid(b98b3e1f52d80b34a8c2a7a75d3e70ec) Importer(815301076,1909f56bfc062723c751e8b465ee728b)
Start importing Assets/MRTK/StandardAssets/Textures/OculusRemoteController_white.png using Guid(b98b3e1f52d80b34a8c2a7a75d3e70ec) Importer(815301076,1909f56bfc062723c751e8b465ee728b)  -> (artifact id: '6643471c3115b15cb5c87d391fdd5bfc') in 0.020371 seconds 
  Import took 0.024964 seconds .

========================================================================
Received Import Request.
  Time since last request: 0.000212 seconds.
  path: Assets/MRTK/StandardAssets/Textures/OculusControllersTouch_left_white.png
  artifactKey: Guid(68157127a1550704596f2546ea8893d9) Importer(815301076,1909f56bfc062723c751e8b465ee728b)
Start importing Assets/MRTK/StandardAssets/Textures/OculusControllersTouch_left_white.png using Guid(68157127a1550704596f2546ea8893d9) Importer(815301076,1909f56bfc062723c751e8b465ee728b)  -> (artifact id: '2029eef450c62b1ea69abe097e488b1f') in 0.018732 seconds 
  Import took 0.023115 seconds .

========================================================================
Received Import Request.
  Time since last request: 0.000185 seconds.
  path: Assets/MRTK/StandardAssets/Textures/OculusControllersTouch_right_white.png
  artifactKey: Guid(28ea40d50737d3c47af018f7f3ea24ee) Importer(815301076,1909f56bfc062723c751e8b465ee728b)
Start importing Assets/MRTK/StandardAssets/Textures/OculusControllersTouch_right_white.png using Guid(28ea40d50737d3c47af018f7f3ea24ee) Importer(815301076,1909f56bfc062723c751e8b465ee728b)  -> (artifact id: '30858a86fdba92a5ed4f0c8d699754e6') in 0.020954 seconds 
  Import took 0.026517 seconds .

========================================================================
Received Import Request.
  Time since last request: 0.000191 seconds.
  path: Assets/Common/Icons/UWP/SplashScreen.scale-150.png
  artifactKey: Guid(2ea158708e7a21e4ead741823fd0f8ca) Importer(815301076,1909f56bfc062723c751e8b465ee728b)
Start importing Assets/Common/Icons/UWP/SplashScreen.scale-150.png using Guid(2ea158708e7a21e4ead741823fd0f8ca) Importer(815301076,1909f56bfc062723c751e8b465ee728b)  -> (artifact id: 'cc96746907a19aac2e706ca247f2fbe3') in 0.022255 seconds 
  Import took 0.028851 seconds .

========================================================================
Received Import Request.
  Time since last request: 0.000356 seconds.
  path: Assets/MRTK/StandardAssets/Textures/OculusControllersTouch_left_black.png
  artifactKey: Guid(f2237692de9624a4692e4b0440c5f476) Importer(815301076,1909f56bfc062723c751e8b465ee728b)
Start importing Assets/MRTK/StandardAssets/Textures/OculusControllersTouch_left_black.png using Guid(f2237692de9624a4692e4b0440c5f476) Importer(815301076,1909f56bfc062723c751e8b465ee728b)  -> (artifact id: 'faa01653f24e0258be2c2befa7beae94') in 0.019619 seconds 
  Import took 0.025176 seconds .

========================================================================
Received Import Request.
  Time since last request: 0.000234 seconds.
  path: Assets/Common/Sprites/scanline.png
  artifactKey: Guid(ed8c6abe4a9824b7997c118d2c8a4452) Importer(815301076,1909f56bfc062723c751e8b465ee728b)
Start importing Assets/Common/Sprites/scanline.png using Guid(ed8c6abe4a9824b7997c118d2c8a4452) Importer(815301076,1909f56bfc062723c751e8b465ee728b)  -> (artifact id: '24ed6c3c9ad817dcfaba1235b85d7248') in 0.017141 seconds 
  Import took 0.022826 seconds .

========================================================================
Received Import Request.
  Time since last request: 0.000686 seconds.
  path: Assets/MRTK/StandardAssets/Textures/MRTK_Logo_White.png
  artifactKey: Guid(84643a20fa6b4fa7969ef84ad2e40992) Importer(815301076,1909f56bfc062723c751e8b465ee728b)
Start importing Assets/MRTK/StandardAssets/Textures/MRTK_Logo_White.png using Guid(84643a20fa6b4fa7969ef84ad2e40992) Importer(815301076,1909f56bfc062723c751e8b465ee728b)  -> (artifact id: '0e8eda057ebdc4455af7f9f5791280c6') in 0.019647 seconds 
  Import took 0.025329 seconds .

========================================================================
Received Import Request.
  Time since last request: 0.000155 seconds.
  path: Assets/Common/Icons/UWP/SplashScreen.scale-200.png
  artifactKey: Guid(8e614c22e974d9f429f920990d61ef52) Importer(815301076,1909f56bfc062723c751e8b465ee728b)
Start importing Assets/Common/Icons/UWP/SplashScreen.scale-200.png using Guid(8e614c22e974d9f429f920990d61ef52) Importer(815301076,1909f56bfc062723c751e8b465ee728b)  -> (artifact id: '222713eb9d4d1ce242c30df94e60e921') in 0.017754 seconds 
  Import took 0.022475 seconds .

========================================================================
Received Import Request.
  Time since last request: 0.000212 seconds.
  path: Assets/MRTK/StandardAssets/Textures/OculusControllersTouch_right_black.png
  artifactKey: Guid(0b431d73cc837214fbf67cab3535f975) Importer(815301076,1909f56bfc062723c751e8b465ee728b)
Start importing Assets/MRTK/StandardAssets/Textures/OculusControllersTouch_right_black.png using Guid(0b431d73cc837214fbf67cab3535f975) Importer(815301076,1909f56bfc062723c751e8b465ee728b)  -> (artifact id: 'e3644584f7a28a00535206ba401c7fa3') in 0.023444 seconds 
  Import took 0.030984 seconds .

========================================================================
Received Import Request.
  Time since last request: 0.000202 seconds.
  path: Assets/MRTK/StandardAssets/Textures/OculusControllersTouch_right_white_scaled.png
  artifactKey: Guid(2f3bf31bda2bd84439e477aac79990ca) Importer(815301076,1909f56bfc062723c751e8b465ee728b)
Start importing Assets/MRTK/StandardAssets/Textures/OculusControllersTouch_right_white_scaled.png using Guid(2f3bf31bda2bd84439e477aac79990ca) Importer(815301076,1909f56bfc062723c751e8b465ee728b)  -> (artifact id: 'ef2618139b26c4938d8defdedd7587d5') in 0.020293 seconds 
  Import took 0.028080 seconds .

========================================================================
Received Import Request.
  Time since last request: 106.588282 seconds.
  path: Assets/Common/Sprites
  artifactKey: Guid(aed1fb933c271458d9a16dd340b75b0a) Importer(815301076,1909f56bfc062723c751e8b465ee728b)
Start importing Assets/Common/Sprites using Guid(aed1fb933c271458d9a16dd340b75b0a) Importer(815301076,1909f56bfc062723c751e8b465ee728b)  -> (artifact id: '59fab30e14ada3453c4b7cbf904b4122') in 0.007083 seconds 
  Import took 0.013055 seconds .

========================================================================
Received Import Request.
  Time since last request: 14.385385 seconds.
  path: Assets/MRTK/SDK/StandardAssets/Textures/IconHandIdleRight.png
  artifactKey: Guid(84bd1d5b692eba545b145e3ef5333c38) Importer(815301076,1909f56bfc062723c751e8b465ee728b)
Start importing Assets/MRTK/SDK/StandardAssets/Textures/IconHandIdleRight.png using Guid(84bd1d5b692eba545b145e3ef5333c38) Importer(815301076,1909f56bfc062723c751e8b465ee728b)  -> (artifact id: 'dfb42ee2baf4eff187e8dbc2dc68983f') in 0.025438 seconds 
  Import took 0.030457 seconds .

========================================================================
Received Import Request.
  Time since last request: 0.000225 seconds.
  path: Assets/MRTK/StandardAssets/Textures/MotionController_left_black_scaled.png
  artifactKey: Guid(03b731c99d54dfb4abde4d7d1b1b9199) Importer(815301076,1909f56bfc062723c751e8b465ee728b)
Start importing Assets/MRTK/StandardAssets/Textures/MotionController_left_black_scaled.png using Guid(03b731c99d54dfb4abde4d7d1b1b9199) Importer(815301076,1909f56bfc062723c751e8b465ee728b)  -> (artifact id: 'd73d931dbc5b50df4f65122dfb208494') in 0.018300 seconds 
  Import took 0.022810 seconds .

========================================================================
Received Import Request.
  Time since last request: 0.000151 seconds.
  path: Assets/MRTK/StandardAssets/Textures/MotionController_left_white_scaled.png
  artifactKey: Guid(2a95b12bf068e064988984ff0723e935) Importer(815301076,1909f56bfc062723c751e8b465ee728b)
Start importing Assets/MRTK/StandardAssets/Textures/MotionController_left_white_scaled.png using Guid(2a95b12bf068e064988984ff0723e935) Importer(815301076,1909f56bfc062723c751e8b465ee728b)  -> (artifact id: 'e05c0a7fff5250982acc872b45404d3c') in 0.019507 seconds 
  Import took 0.024135 seconds .

========================================================================
Received Import Request.
  Time since last request: 0.000180 seconds.
  path: Assets/MRTK/SDK/StandardAssets/Textures/IconHandUntrackedRight.png
  artifactKey: Guid(e516b67fb96d9af4b83378670e1d4058) Importer(815301076,1909f56bfc062723c751e8b465ee728b)
Start importing Assets/MRTK/SDK/StandardAssets/Textures/IconHandUntrackedRight.png using Guid(e516b67fb96d9af4b83378670e1d4058) Importer(815301076,1909f56bfc062723c751e8b465ee728b)  -> (artifact id: '6eb7c281c2335a6d5db3a027a18a44ba') in 0.020288 seconds 
  Import took 0.025701 seconds .

========================================================================
Received Import Request.
  Time since last request: 0.000218 seconds.
  path: Assets/MRTK/StandardAssets/Textures/MotionController_right_black.png
  artifactKey: Guid(94c407cca90801e47aead1757ce0ae05) Importer(815301076,1909f56bfc062723c751e8b465ee728b)
Start importing Assets/MRTK/StandardAssets/Textures/MotionController_right_black.png using Guid(94c407cca90801e47aead1757ce0ae05) Importer(815301076,1909f56bfc062723c751e8b465ee728b)  -> (artifact id: '4bee410a4f0c3e97ec21b41dcf693387') in 0.024185 seconds 
  Import took 0.029376 seconds .

========================================================================
Received Import Request.
  Time since last request: 0.000271 seconds.
  path: Assets/MRTK/SDK/Experimental/NonNativeKeyboard/Icons/KeyboardKeyGlyphs_UnShift_Symbols.png
  artifactKey: Guid(f6f44dc3b387f9d48bcaaee0038969c4) Importer(815301076,1909f56bfc062723c751e8b465ee728b)
Start importing Assets/MRTK/SDK/Experimental/NonNativeKeyboard/Icons/KeyboardKeyGlyphs_UnShift_Symbols.png using Guid(f6f44dc3b387f9d48bcaaee0038969c4) Importer(815301076,1909f56bfc062723c751e8b465ee728b)  -> (artifact id: '032532bb4f3a5f6fb321b8f93aa642dd') in 0.027209 seconds 
  Import took 0.032218 seconds .

========================================================================
Received Import Request.
  Time since last request: 0.000133 seconds.
  path: Assets/MRTK/StandardAssets/Textures/MotionController_left_white.png
  artifactKey: Guid(788648182fdba814396e5258870a63f0) Importer(815301076,1909f56bfc062723c751e8b465ee728b)
Start importing Assets/MRTK/StandardAssets/Textures/MotionController_left_white.png using Guid(788648182fdba814396e5258870a63f0) Importer(815301076,1909f56bfc062723c751e8b465ee728b)  -> (artifact id: '31f73ddfd3d61a33d456aa736c26d41a') in 0.020363 seconds 
  Import took 0.025285 seconds .

========================================================================
Received Import Request.
  Time since last request: 0.000145 seconds.
  path: Assets/MRTK/SDK/Experimental/NonNativeKeyboard/Icons/KeyboardKeyGlyphs_Dictation.png
  artifactKey: Guid(b575d7b7d87461b4ea9965b50e367249) Importer(815301076,1909f56bfc062723c751e8b465ee728b)
Start importing Assets/MRTK/SDK/Experimental/NonNativeKeyboard/Icons/KeyboardKeyGlyphs_Dictation.png using Guid(b575d7b7d87461b4ea9965b50e367249) Importer(815301076,1909f56bfc062723c751e8b465ee728b)  -> (artifact id: '5851b5ee36d27e0fa8f619149dda8c41') in 0.027061 seconds 
  Import took 0.031795 seconds .

========================================================================
Received Import Request.
  Time since last request: 0.000206 seconds.
  path: Assets/MRTK/StandardAssets/Textures/MotionController_left_black.png
  artifactKey: Guid(a7d0f692b982a754b8ae2353d5e88d64) Importer(815301076,1909f56bfc062723c751e8b465ee728b)
Start importing Assets/MRTK/StandardAssets/Textures/MotionController_left_black.png using Guid(a7d0f692b982a754b8ae2353d5e88d64) Importer(815301076,1909f56bfc062723c751e8b465ee728b)  -> (artifact id: 'c8fba80b17adde55a70b6092bd26f462') in 0.028616 seconds 
  Import took 0.033688 seconds .

========================================================================
Received Import Request.
  Time since last request: 0.000159 seconds.
  path: Assets/MRTK/SDK/StandardAssets/Textures/IconHandUntrackedLeft.png
  artifactKey: Guid(f87b5f944e8630e408748d05d33bed27) Importer(815301076,1909f56bfc062723c751e8b465ee728b)
Start importing Assets/MRTK/SDK/StandardAssets/Textures/IconHandUntrackedLeft.png using Guid(f87b5f944e8630e408748d05d33bed27) Importer(815301076,1909f56bfc062723c751e8b465ee728b)  -> (artifact id: '991ef6e12981f8584b7bfc1f54e1c6c1') in 0.021478 seconds 
  Import took 0.026142 seconds .

========================================================================
Received Import Request.
  Time since last request: 0.000191 seconds.
  path: Assets/MRTK/SDK/Experimental/NonNativeKeyboard/Icons/KeyboardKeyGlyphs_Down.png
  artifactKey: Guid(161fc5872226601449a8143014ece469) Importer(815301076,1909f56bfc062723c751e8b465ee728b)
Start importing Assets/MRTK/SDK/Experimental/NonNativeKeyboard/Icons/KeyboardKeyGlyphs_Down.png using Guid(161fc5872226601449a8143014ece469) Importer(815301076,1909f56bfc062723c751e8b465ee728b)  -> (artifact id: '2dbc65f4a71e4d09a87640b3a94c981b') in 0.017861 seconds 
  Import took 0.022897 seconds .

========================================================================
Received Import Request.
  Time since last request: 5.696281 seconds.
  path: Assets/Common/Sprites/ntnulogo.png
  artifactKey: Guid(19cf443fb74c06d4c90a08a4930b33f1) Importer(815301076,1909f56bfc062723c751e8b465ee728b)
Start importing Assets/Common/Sprites/ntnulogo.png using Guid(19cf443fb74c06d4c90a08a4930b33f1) Importer(815301076,1909f56bfc062723c751e8b465ee728b)  -> (artifact id: 'e63b859014d08e96a32bc9111e1e0a81') in 0.011415 seconds 
  Import took 0.016427 seconds .

========================================================================
Received Import Request.
  Time since last request: 19.975980 seconds.
  path: Assets/Common/Sprites/ntnulogo.png
  artifactKey: Guid(19cf443fb74c06d4c90a08a4930b33f1) Importer(815301076,1909f56bfc062723c751e8b465ee728b)
Start importing Assets/Common/Sprites/ntnulogo.png using Guid(19cf443fb74c06d4c90a08a4930b33f1) Importer(815301076,1909f56bfc062723c751e8b465ee728b)  -> (artifact id: 'ac0b3fa2077c1d1aaabc300fcdd49495') in 0.020959 seconds 
  Import took 0.025785 seconds .

========================================================================
Received Import Request.
  Time since last request: 5.714167 seconds.
  path: Assets/Common/Sprites/ntnulogo.png
  artifactKey: Guid(19cf443fb74c06d4c90a08a4930b33f1) Importer(815301076,1909f56bfc062723c751e8b465ee728b)
Start importing Assets/Common/Sprites/ntnulogo.png using Guid(19cf443fb74c06d4c90a08a4930b33f1) Importer(815301076,1909f56bfc062723c751e8b465ee728b)  -> (artifact id: '58df9e63c87fd9321f52f468f8f6c0f8') in 0.025718 seconds 
  Import took 0.032222 seconds .

========================================================================
Received Import Request.
  Time since last request: 753.055365 seconds.
  path: Assets/SampleResources/Scripts/SetDrivenKey.cs
  artifactKey: Guid(7511a6464a210e7439c8f3bea736e8f7) Importer(815301076,1909f56bfc062723c751e8b465ee728b)
Start importing Assets/SampleResources/Scripts/SetDrivenKey.cs using Guid(7511a6464a210e7439c8f3bea736e8f7) Importer(815301076,1909f56bfc062723c751e8b465ee728b)  -> (artifact id: 'eae283a73c75b10bbb6a059a405bea44') in 0.007735 seconds 
  Import took 0.013983 seconds .

========================================================================
Received Prepare
Registering precompiled user dll's ...
Registered in 0.011081 seconds.
Begin MonoManager ReloadAssembly
Native extension for WindowsStandalone target not found
Refreshing native plugins compatible for Editor in 1.08 ms, found 11 plugins.
Preloading 3 native plugins for Editor in 0.15 ms.
System.NullReferenceException: Object reference not set to an instance of an object
  at Vuforia.EditorClasses.ExtensionTypeProvider.GetVuforiaPackageAbsPath () [0x0004a] in <67f168408fbf4fce9c04342c093e9fe7>:0 
  at Vuforia.EditorClasses.ExtensionTypeProvider.IsPackageManager () [0x00000] in <67f168408fbf4fce9c04342c093e9fe7>:0 
  at Vuforia.EditorClasses.ExtensionTypeProvider.ResolvePluginType () [0x00009] in <67f168408fbf4fce9c04342c093e9fe7>:0 
  at Vuforia.EditorClasses.ExtensionTypeProvider.GetPluginType () [0x0000c] in <67f168408fbf4fce9c04342c093e9fe7>:0 
  at Vuforia.EditorClasses.VuforiaUtilities.IsVuforiaEnabledInPlayerSettings () [0x00000] in <67f168408fbf4fce9c04342c093e9fe7>:0 
  at VuforiaEnabledObserver..cctor () [0x00000] in <67f168408fbf4fce9c04342c093e9fe7>:0 
UnityEngine.StackTraceUtility:ExtractStackTrace ()
UnityEngine.DebugLogHandler:LogFormat (UnityEngine.LogType,UnityEngine.Object,string,object[])
UnityEngine.Logger:Log (UnityEngine.LogType,object)
UnityEngine.Debug:LogError (object)
UnityEditor.EditorAssemblies:ProcessInitializeOnLoadAttributes (System.Type[])

System.NullReferenceException: Object reference not set to an instance of an object
  at Vuforia.EditorClasses.ExtensionTypeProvider.GetVuforiaPackageAbsPath () [0x0004a] in <67f168408fbf4fce9c04342c093e9fe7>:0 
  at Vuforia.EditorClasses.ExtensionTypeProvider.IsPackageManager () [0x00000] in <67f168408fbf4fce9c04342c093e9fe7>:0 
  at Vuforia.EditorClasses.ExtensionTypeProvider.ResolvePluginType () [0x00009] in <67f168408fbf4fce9c04342c093e9fe7>:0 
  at Vuforia.EditorClasses.ExtensionTypeProvider.GetPluginType () [0x0000c] in <67f168408fbf4fce9c04342c093e9fe7>:0 
  at Vuforia.EditorClasses.VuforiaUtilities.IsVuforiaEnabledInPlayerSettings () [0x00000] in <67f168408fbf4fce9c04342c093e9fe7>:0 
  at Vuforia.EditorClasses.InitializeOnLoadVuforiaTaskRunner..cctor () [0x00015] in <67f168408fbf4fce9c04342c093e9fe7>:0 
UnityEngine.StackTraceUtility:ExtractStackTrace ()
UnityEngine.DebugLogHandler:LogFormat (UnityEngine.LogType,UnityEngine.Object,string,object[])
UnityEngine.Logger:Log (UnityEngine.LogType,object)
UnityEngine.Debug:LogError (object)
UnityEditor.EditorAssemblies:ProcessInitializeOnLoadAttributes (System.Type[])

Error when attempting to update scene info fields. Scene info data may be stale.
UnityEngine.StackTraceUtility:ExtractStackTrace ()
UnityEngine.DebugLogHandler:LogFormat (UnityEngine.LogType,UnityEngine.Object,string,object[])
UnityEngine.Logger:Log (UnityEngine.LogType,object)
UnityEngine.Debug:LogWarning (object)
Microsoft.MixedReality.Toolkit.Editor.SceneInfoUtils:RefreshSceneInfoFieldsInScriptableObjects () (at Assets/MRTK/Core/Inspectors/PropertyDrawers/SceneInfoUtils.cs:313)
Microsoft.MixedReality.Toolkit.Editor.SceneInfoUtils:InitializeOnLoad () (at Assets/MRTK/Core/Inspectors/PropertyDrawers/SceneInfoUtils.cs:231)
System.Reflection.MonoMethod:Invoke (object,System.Reflection.BindingFlags,System.Reflection.Binder,object[],System.Globalization.CultureInfo)
System.Reflection.MethodBase:Invoke (object,object[])
UnityEditor.EditorAssemblies:ProcessInitializeOnLoadMethodAttributes ()

(Filename: Assets/MRTK/Core/Inspectors/PropertyDrawers/SceneInfoUtils.cs Line: 313)

Mono: successfully reloaded assembly
- Completed reload, in  1.925 seconds
Domain Reload Profiling:
	ReloadAssembly (1925ms)
		BeginReloadAssembly (115ms)
			ExecutionOrderSort (0ms)
			DisableScriptedObjects (6ms)
			BackupInstance (0ms)
			ReleaseScriptingObjects (0ms)
			CreateAndSetChildDomain (45ms)
		EndReloadAssembly (1753ms)
			LoadAssemblies (87ms)
			RebuildTransferFunctionScriptingTraits (0ms)
			SetupTypeCache (292ms)
			ReleaseScriptCaches (1ms)
			RebuildScriptCaches (50ms)
			SetupLoadedEditorAssemblies (1198ms)
				LogAssemblyErrors (0ms)
				InitializePlatformSupportModulesInManaged (5ms)
				SetLoadedEditorAssemblies (0ms)
				RefreshPlugins (1ms)
				BeforeProcessingInitializeOnLoad (116ms)
				ProcessInitializeOnLoadAttributes (606ms)
				ProcessInitializeOnLoadMethodAttributes (463ms)
				AfterProcessingInitializeOnLoad (6ms)
				EditorAssembliesLoaded (1ms)
			ExecutionOrderSort2 (0ms)
			AwakeInstancesAfterBackupRestoration (9ms)
Platform modules already initialized, skipping
Switching build target platform(19) subTarget(0) extendedPlatform(0) -> platform(21) subTarget(0) extendedPlatform(0)
Refreshing native plugins compatible for Editor in 1.20 ms, found 11 plugins.
Preloading 3 native plugins for Editor in 0.15 ms.
Unloading 3470 Unused Serialized files (Serialized files now loaded: 0)
System memory in use before: 161.0 MB.
System memory in use after: 160.4 MB.

Unloading 844 unused Assets to reduce memory usage. Loaded Objects now: 4063.
Total: 4.217300 ms (FindLiveObjects: 0.419200 ms CreateObjectMapping: 0.270500 ms MarkObjects: 2.804500 ms  DeleteObjects: 0.722000 ms)

AssetImportParameters requested are different than current active one (requested -> active):
  custom:framework-win-MediaFoundation: 216162199b28c13a410421893ffa2e32 -> 
  custom:video-decoder-ogg-theora: a1e56fd34408186e4bbccfd4996cb3dc -> 
  custom:container-muxer-webm: aa71ff27fc2769a1b78a27578f13a17b -> 
  custom:container-demuxer-webm: 4f35f7cbe854078d1ac9338744f61a02 -> 
  custom:container-demuxer-ogg: 62fdf1f143b41e24485cea50d1cbac27 -> 
  custom:video-encoder-webm-vp8: eb34c28f22e8b96e1ab97ce403110664 -> 
  custom:video-decoder-webm-vp8: 9c59270c3fd7afecdb556c50c9e8de78 -> 
  custom:audio-decoder-ogg-vorbis: bf7c407c2cedff20999df2af8eb42d56 -> 
  custom:audio-encoder-webm-vorbis: bf7c407c2cedff20999df2af8eb42d56 -> 
========================================================================
Received Prepare
Registering precompiled user dll's ...
Registered in 0.011065 seconds.
Begin MonoManager ReloadAssembly
Native extension for WindowsStandalone target not found
Refreshing native plugins compatible for Editor in 1.47 ms, found 11 plugins.
Preloading 3 native plugins for Editor in 0.17 ms.
System.NullReferenceException: Object reference not set to an instance of an object
  at Vuforia.EditorClasses.ExtensionTypeProvider.GetVuforiaPackageAbsPath () [0x0004a] in <67f168408fbf4fce9c04342c093e9fe7>:0 
  at Vuforia.EditorClasses.ExtensionTypeProvider.IsPackageManager () [0x00000] in <67f168408fbf4fce9c04342c093e9fe7>:0 
  at Vuforia.EditorClasses.ExtensionTypeProvider.ResolvePluginType () [0x00009] in <67f168408fbf4fce9c04342c093e9fe7>:0 
  at Vuforia.EditorClasses.ExtensionTypeProvider.GetPluginType () [0x0000c] in <67f168408fbf4fce9c04342c093e9fe7>:0 
  at Vuforia.EditorClasses.VuforiaUtilities.IsVuforiaEnabledInPlayerSettings () [0x00000] in <67f168408fbf4fce9c04342c093e9fe7>:0 
  at VuforiaEnabledObserver..cctor () [0x00000] in <67f168408fbf4fce9c04342c093e9fe7>:0 
UnityEngine.StackTraceUtility:ExtractStackTrace ()
UnityEngine.DebugLogHandler:LogFormat (UnityEngine.LogType,UnityEngine.Object,string,object[])
UnityEngine.Logger:Log (UnityEngine.LogType,object)
UnityEngine.Debug:LogError (object)
UnityEditor.EditorAssemblies:ProcessInitializeOnLoadAttributes (System.Type[])

System.NullReferenceException: Object reference not set to an instance of an object
  at Vuforia.EditorClasses.ExtensionTypeProvider.GetVuforiaPackageAbsPath () [0x0004a] in <67f168408fbf4fce9c04342c093e9fe7>:0 
  at Vuforia.EditorClasses.ExtensionTypeProvider.IsPackageManager () [0x00000] in <67f168408fbf4fce9c04342c093e9fe7>:0 
  at Vuforia.EditorClasses.ExtensionTypeProvider.ResolvePluginType () [0x00009] in <67f168408fbf4fce9c04342c093e9fe7>:0 
  at Vuforia.EditorClasses.ExtensionTypeProvider.GetPluginType () [0x0000c] in <67f168408fbf4fce9c04342c093e9fe7>:0 
  at Vuforia.EditorClasses.VuforiaUtilities.IsVuforiaEnabledInPlayerSettings () [0x00000] in <67f168408fbf4fce9c04342c093e9fe7>:0 
  at Vuforia.EditorClasses.InitializeOnLoadVuforiaTaskRunner..cctor () [0x00015] in <67f168408fbf4fce9c04342c093e9fe7>:0 
UnityEngine.StackTraceUtility:ExtractStackTrace ()
UnityEngine.DebugLogHandler:LogFormat (UnityEngine.LogType,UnityEngine.Object,string,object[])
UnityEngine.Logger:Log (UnityEngine.LogType,object)
UnityEngine.Debug:LogError (object)
UnityEditor.EditorAssemblies:ProcessInitializeOnLoadAttributes (System.Type[])

Error when attempting to update scene info fields. Scene info data may be stale.
UnityEngine.StackTraceUtility:ExtractStackTrace ()
UnityEngine.DebugLogHandler:LogFormat (UnityEngine.LogType,UnityEngine.Object,string,object[])
UnityEngine.Logger:Log (UnityEngine.LogType,object)
UnityEngine.Debug:LogWarning (object)
Microsoft.MixedReality.Toolkit.Editor.SceneInfoUtils:RefreshSceneInfoFieldsInScriptableObjects () (at Assets/MRTK/Core/Inspectors/PropertyDrawers/SceneInfoUtils.cs:313)
Microsoft.MixedReality.Toolkit.Editor.SceneInfoUtils:InitializeOnLoad () (at Assets/MRTK/Core/Inspectors/PropertyDrawers/SceneInfoUtils.cs:231)
System.Reflection.MonoMethod:Invoke (object,System.Reflection.BindingFlags,System.Reflection.Binder,object[],System.Globalization.CultureInfo)
System.Reflection.MethodBase:Invoke (object,object[])
UnityEditor.EditorAssemblies:ProcessInitializeOnLoadMethodAttributes ()

(Filename: Assets/MRTK/Core/Inspectors/PropertyDrawers/SceneInfoUtils.cs Line: 313)

Mono: successfully reloaded assembly
- Completed reload, in  1.930 seconds
Domain Reload Profiling:
	ReloadAssembly (1930ms)
		BeginReloadAssembly (114ms)
			ExecutionOrderSort (0ms)
			DisableScriptedObjects (6ms)
			BackupInstance (0ms)
			ReleaseScriptingObjects (0ms)
			CreateAndSetChildDomain (41ms)
		EndReloadAssembly (1757ms)
			LoadAssemblies (91ms)
			RebuildTransferFunctionScriptingTraits (0ms)
			SetupTypeCache (294ms)
			ReleaseScriptCaches (1ms)
			RebuildScriptCaches (48ms)
			SetupLoadedEditorAssemblies (1198ms)
				LogAssemblyErrors (0ms)
				InitializePlatformSupportModulesInManaged (4ms)
				SetLoadedEditorAssemblies (0ms)
				RefreshPlugins (2ms)
				BeforeProcessingInitializeOnLoad (119ms)
				ProcessInitializeOnLoadAttributes (620ms)
				ProcessInitializeOnLoadMethodAttributes (448ms)
				AfterProcessingInitializeOnLoad (5ms)
				EditorAssembliesLoaded (0ms)
			ExecutionOrderSort2 (0ms)
			AwakeInstancesAfterBackupRestoration (9ms)
Platform modules already initialized, skipping
Switching build target platform(19) subTarget(0) extendedPlatform(0) -> platform(21) subTarget(0) extendedPlatform(0)
Refreshing native plugins compatible for Editor in 1.08 ms, found 11 plugins.
Preloading 3 native plugins for Editor in 0.14 ms.
Unloading 3470 Unused Serialized files (Serialized files now loaded: 0)
System memory in use before: 161.0 MB.
System memory in use after: 160.5 MB.

Unloading 844 unused Assets to reduce memory usage. Loaded Objects now: 4066.
Total: 4.831500 ms (FindLiveObjects: 0.416700 ms CreateObjectMapping: 0.271800 ms MarkObjects: 3.388200 ms  DeleteObjects: 0.753300 ms)

AssetImportParameters requested are different than current active one (requested -> active):
  custom:framework-win-MediaFoundation: 216162199b28c13a410421893ffa2e32 -> 
  custom:video-decoder-ogg-theora: a1e56fd34408186e4bbccfd4996cb3dc -> 
  custom:container-muxer-webm: aa71ff27fc2769a1b78a27578f13a17b -> 
  custom:container-demuxer-webm: 4f35f7cbe854078d1ac9338744f61a02 -> 
  custom:container-demuxer-ogg: 62fdf1f143b41e24485cea50d1cbac27 -> 
  custom:video-encoder-webm-vp8: eb34c28f22e8b96e1ab97ce403110664 -> 
  custom:video-decoder-webm-vp8: 9c59270c3fd7afecdb556c50c9e8de78 -> 
  custom:audio-decoder-ogg-vorbis: bf7c407c2cedff20999df2af8eb42d56 -> 
  custom:audio-encoder-webm-vorbis: bf7c407c2cedff20999df2af8eb42d56 -> 
========================================================================
Received Prepare
Registering precompiled user dll's ...
Registered in 0.010678 seconds.
Begin MonoManager ReloadAssembly
Native extension for WindowsStandalone target not found
Refreshing native plugins compatible for Editor in 1.00 ms, found 11 plugins.
Preloading 3 native plugins for Editor in 0.15 ms.
System.NullReferenceException: Object reference not set to an instance of an object
  at Vuforia.EditorClasses.ExtensionTypeProvider.GetVuforiaPackageAbsPath () [0x0004a] in <67f168408fbf4fce9c04342c093e9fe7>:0 
  at Vuforia.EditorClasses.ExtensionTypeProvider.IsPackageManager () [0x00000] in <67f168408fbf4fce9c04342c093e9fe7>:0 
  at Vuforia.EditorClasses.ExtensionTypeProvider.ResolvePluginType () [0x00009] in <67f168408fbf4fce9c04342c093e9fe7>:0 
  at Vuforia.EditorClasses.ExtensionTypeProvider.GetPluginType () [0x0000c] in <67f168408fbf4fce9c04342c093e9fe7>:0 
  at Vuforia.EditorClasses.VuforiaUtilities.IsVuforiaEnabledInPlayerSettings () [0x00000] in <67f168408fbf4fce9c04342c093e9fe7>:0 
  at VuforiaEnabledObserver..cctor () [0x00000] in <67f168408fbf4fce9c04342c093e9fe7>:0 
UnityEngine.StackTraceUtility:ExtractStackTrace ()
UnityEngine.DebugLogHandler:LogFormat (UnityEngine.LogType,UnityEngine.Object,string,object[])
UnityEngine.Logger:Log (UnityEngine.LogType,object)
UnityEngine.Debug:LogError (object)
UnityEditor.EditorAssemblies:ProcessInitializeOnLoadAttributes (System.Type[])

System.NullReferenceException: Object reference not set to an instance of an object
  at Vuforia.EditorClasses.ExtensionTypeProvider.GetVuforiaPackageAbsPath () [0x0004a] in <67f168408fbf4fce9c04342c093e9fe7>:0 
  at Vuforia.EditorClasses.ExtensionTypeProvider.IsPackageManager () [0x00000] in <67f168408fbf4fce9c04342c093e9fe7>:0 
  at Vuforia.EditorClasses.ExtensionTypeProvider.ResolvePluginType () [0x00009] in <67f168408fbf4fce9c04342c093e9fe7>:0 
  at Vuforia.EditorClasses.ExtensionTypeProvider.GetPluginType () [0x0000c] in <67f168408fbf4fce9c04342c093e9fe7>:0 
  at Vuforia.EditorClasses.VuforiaUtilities.IsVuforiaEnabledInPlayerSettings () [0x00000] in <67f168408fbf4fce9c04342c093e9fe7>:0 
  at Vuforia.EditorClasses.InitializeOnLoadVuforiaTaskRunner..cctor () [0x00015] in <67f168408fbf4fce9c04342c093e9fe7>:0 
UnityEngine.StackTraceUtility:ExtractStackTrace ()
UnityEngine.DebugLogHandler:LogFormat (UnityEngine.LogType,UnityEngine.Object,string,object[])
UnityEngine.Logger:Log (UnityEngine.LogType,object)
UnityEngine.Debug:LogError (object)
UnityEditor.EditorAssemblies:ProcessInitializeOnLoadAttributes (System.Type[])

Error when attempting to update scene info fields. Scene info data may be stale.
UnityEngine.StackTraceUtility:ExtractStackTrace ()
UnityEngine.DebugLogHandler:LogFormat (UnityEngine.LogType,UnityEngine.Object,string,object[])
UnityEngine.Logger:Log (UnityEngine.LogType,object)
UnityEngine.Debug:LogWarning (object)
Microsoft.MixedReality.Toolkit.Editor.SceneInfoUtils:RefreshSceneInfoFieldsInScriptableObjects () (at Assets/MRTK/Core/Inspectors/PropertyDrawers/SceneInfoUtils.cs:313)
Microsoft.MixedReality.Toolkit.Editor.SceneInfoUtils:InitializeOnLoad () (at Assets/MRTK/Core/Inspectors/PropertyDrawers/SceneInfoUtils.cs:231)
System.Reflection.MonoMethod:Invoke (object,System.Reflection.BindingFlags,System.Reflection.Binder,object[],System.Globalization.CultureInfo)
System.Reflection.MethodBase:Invoke (object,object[])
UnityEditor.EditorAssemblies:ProcessInitializeOnLoadMethodAttributes ()

(Filename: Assets/MRTK/Core/Inspectors/PropertyDrawers/SceneInfoUtils.cs Line: 313)

Mono: successfully reloaded assembly
- Completed reload, in  1.956 seconds
Domain Reload Profiling:
	ReloadAssembly (1956ms)
		BeginReloadAssembly (125ms)
			ExecutionOrderSort (0ms)
			DisableScriptedObjects (6ms)
			BackupInstance (0ms)
			ReleaseScriptingObjects (0ms)
			CreateAndSetChildDomain (42ms)
		EndReloadAssembly (1775ms)
			LoadAssemblies (88ms)
			RebuildTransferFunctionScriptingTraits (0ms)
			SetupTypeCache (288ms)
			ReleaseScriptCaches (1ms)
			RebuildScriptCaches (50ms)
			SetupLoadedEditorAssemblies (1215ms)
				LogAssemblyErrors (0ms)
				InitializePlatformSupportModulesInManaged (4ms)
				SetLoadedEditorAssemblies (0ms)
				RefreshPlugins (1ms)
				BeforeProcessingInitializeOnLoad (117ms)
				ProcessInitializeOnLoadAttributes (622ms)
				ProcessInitializeOnLoadMethodAttributes (465ms)
				AfterProcessingInitializeOnLoad (5ms)
				EditorAssembliesLoaded (0ms)
			ExecutionOrderSort2 (0ms)
			AwakeInstancesAfterBackupRestoration (9ms)
Platform modules already initialized, skipping
Switching build target platform(19) subTarget(0) extendedPlatform(0) -> platform(21) subTarget(0) extendedPlatform(0)
Refreshing native plugins compatible for Editor in 1.00 ms, found 11 plugins.
Preloading 3 native plugins for Editor in 0.15 ms.
Unloading 3470 Unused Serialized files (Serialized files now loaded: 0)
System memory in use before: 161.1 MB.
System memory in use after: 160.6 MB.

Unloading 844 unused Assets to reduce memory usage. Loaded Objects now: 4069.
Total: 4.514500 ms (FindLiveObjects: 0.452700 ms CreateObjectMapping: 0.361500 ms MarkObjects: 2.963300 ms  DeleteObjects: 0.735200 ms)

AssetImportParameters requested are different than current active one (requested -> active):
  custom:framework-win-MediaFoundation: 216162199b28c13a410421893ffa2e32 -> 
  custom:video-decoder-ogg-theora: a1e56fd34408186e4bbccfd4996cb3dc -> 
  custom:container-muxer-webm: aa71ff27fc2769a1b78a27578f13a17b -> 
  custom:container-demuxer-webm: 4f35f7cbe854078d1ac9338744f61a02 -> 
  custom:container-demuxer-ogg: 62fdf1f143b41e24485cea50d1cbac27 -> 
  custom:video-encoder-webm-vp8: eb34c28f22e8b96e1ab97ce403110664 -> 
  custom:video-decoder-webm-vp8: 9c59270c3fd7afecdb556c50c9e8de78 -> 
  custom:audio-decoder-ogg-vorbis: bf7c407c2cedff20999df2af8eb42d56 -> 
  custom:audio-encoder-webm-vorbis: bf7c407c2cedff20999df2af8eb42d56 -> 
========================================================================
Received Prepare
Registering precompiled user dll's ...
Registered in 0.019185 seconds.
Begin MonoManager ReloadAssembly
Native extension for WindowsStandalone target not found
Refreshing native plugins compatible for Editor in 1.56 ms, found 11 plugins.
Preloading 3 native plugins for Editor in 0.28 ms.
System.NullReferenceException: Object reference not set to an instance of an object
  at Vuforia.EditorClasses.ExtensionTypeProvider.GetVuforiaPackageAbsPath () [0x0004a] in <67f168408fbf4fce9c04342c093e9fe7>:0 
  at Vuforia.EditorClasses.ExtensionTypeProvider.IsPackageManager () [0x00000] in <67f168408fbf4fce9c04342c093e9fe7>:0 
  at Vuforia.EditorClasses.ExtensionTypeProvider.ResolvePluginType () [0x00009] in <67f168408fbf4fce9c04342c093e9fe7>:0 
  at Vuforia.EditorClasses.ExtensionTypeProvider.GetPluginType () [0x0000c] in <67f168408fbf4fce9c04342c093e9fe7>:0 
  at Vuforia.EditorClasses.VuforiaUtilities.IsVuforiaEnabledInPlayerSettings () [0x00000] in <67f168408fbf4fce9c04342c093e9fe7>:0 
  at VuforiaEnabledObserver..cctor () [0x00000] in <67f168408fbf4fce9c04342c093e9fe7>:0 
UnityEngine.StackTraceUtility:ExtractStackTrace ()
UnityEngine.DebugLogHandler:LogFormat (UnityEngine.LogType,UnityEngine.Object,string,object[])
UnityEngine.Logger:Log (UnityEngine.LogType,object)
UnityEngine.Debug:LogError (object)
UnityEditor.EditorAssemblies:ProcessInitializeOnLoadAttributes (System.Type[])

System.NullReferenceException: Object reference not set to an instance of an object
  at Vuforia.EditorClasses.ExtensionTypeProvider.GetVuforiaPackageAbsPath () [0x0004a] in <67f168408fbf4fce9c04342c093e9fe7>:0 
  at Vuforia.EditorClasses.ExtensionTypeProvider.IsPackageManager () [0x00000] in <67f168408fbf4fce9c04342c093e9fe7>:0 
  at Vuforia.EditorClasses.ExtensionTypeProvider.ResolvePluginType () [0x00009] in <67f168408fbf4fce9c04342c093e9fe7>:0 
  at Vuforia.EditorClasses.ExtensionTypeProvider.GetPluginType () [0x0000c] in <67f168408fbf4fce9c04342c093e9fe7>:0 
  at Vuforia.EditorClasses.VuforiaUtilities.IsVuforiaEnabledInPlayerSettings () [0x00000] in <67f168408fbf4fce9c04342c093e9fe7>:0 
  at Vuforia.EditorClasses.InitializeOnLoadVuforiaTaskRunner..cctor () [0x00015] in <67f168408fbf4fce9c04342c093e9fe7>:0 
UnityEngine.StackTraceUtility:ExtractStackTrace ()
UnityEngine.DebugLogHandler:LogFormat (UnityEngine.LogType,UnityEngine.Object,string,object[])
UnityEngine.Logger:Log (UnityEngine.LogType,object)
UnityEngine.Debug:LogError (object)
UnityEditor.EditorAssemblies:ProcessInitializeOnLoadAttributes (System.Type[])

Error when attempting to update scene info fields. Scene info data may be stale.
UnityEngine.StackTraceUtility:ExtractStackTrace ()
UnityEngine.DebugLogHandler:LogFormat (UnityEngine.LogType,UnityEngine.Object,string,object[])
UnityEngine.Logger:Log (UnityEngine.LogType,object)
UnityEngine.Debug:LogWarning (object)
Microsoft.MixedReality.Toolkit.Editor.SceneInfoUtils:RefreshSceneInfoFieldsInScriptableObjects () (at Assets/MRTK/Core/Inspectors/PropertyDrawers/SceneInfoUtils.cs:313)
Microsoft.MixedReality.Toolkit.Editor.SceneInfoUtils:InitializeOnLoad () (at Assets/MRTK/Core/Inspectors/PropertyDrawers/SceneInfoUtils.cs:231)
System.Reflection.MonoMethod:Invoke (object,System.Reflection.BindingFlags,System.Reflection.Binder,object[],System.Globalization.CultureInfo)
System.Reflection.MethodBase:Invoke (object,object[])
UnityEditor.EditorAssemblies:ProcessInitializeOnLoadMethodAttributes ()

(Filename: Assets/MRTK/Core/Inspectors/PropertyDrawers/SceneInfoUtils.cs Line: 313)

Mono: successfully reloaded assembly
- Completed reload, in  2.662 seconds
Domain Reload Profiling:
	ReloadAssembly (2662ms)
		BeginReloadAssembly (128ms)
			ExecutionOrderSort (0ms)
			DisableScriptedObjects (7ms)
			BackupInstance (0ms)
			ReleaseScriptingObjects (0ms)
			CreateAndSetChildDomain (42ms)
		EndReloadAssembly (2454ms)
			LoadAssemblies (120ms)
			RebuildTransferFunctionScriptingTraits (0ms)
			SetupTypeCache (385ms)
			ReleaseScriptCaches (1ms)
			RebuildScriptCaches (70ms)
			SetupLoadedEditorAssemblies (1705ms)
				LogAssemblyErrors (0ms)
				InitializePlatformSupportModulesInManaged (6ms)
				SetLoadedEditorAssemblies (1ms)
				RefreshPlugins (2ms)
				BeforeProcessingInitializeOnLoad (161ms)
				ProcessInitializeOnLoadAttributes (964ms)
				ProcessInitializeOnLoadMethodAttributes (565ms)
				AfterProcessingInitializeOnLoad (6ms)
				EditorAssembliesLoaded (0ms)
			ExecutionOrderSort2 (0ms)
			AwakeInstancesAfterBackupRestoration (10ms)
Platform modules already initialized, skipping
Switching build target platform(19) subTarget(0) extendedPlatform(0) -> platform(21) subTarget(0) extendedPlatform(0)
Refreshing native plugins compatible for Editor in 1.22 ms, found 11 plugins.
Preloading 3 native plugins for Editor in 0.18 ms.
Unloading 3470 Unused Serialized files (Serialized files now loaded: 0)
System memory in use before: 161.1 MB.
System memory in use after: 160.7 MB.

Unloading 844 unused Assets to reduce memory usage. Loaded Objects now: 4072.
Total: 4.743300 ms (FindLiveObjects: 0.409400 ms CreateObjectMapping: 0.225100 ms MarkObjects: 3.410400 ms  DeleteObjects: 0.697000 ms)

AssetImportParameters requested are different than current active one (requested -> active):
  custom:framework-win-MediaFoundation: 216162199b28c13a410421893ffa2e32 -> 
  custom:video-decoder-ogg-theora: a1e56fd34408186e4bbccfd4996cb3dc -> 
  custom:container-muxer-webm: aa71ff27fc2769a1b78a27578f13a17b -> 
  custom:container-demuxer-webm: 4f35f7cbe854078d1ac9338744f61a02 -> 
  custom:container-demuxer-ogg: 62fdf1f143b41e24485cea50d1cbac27 -> 
  custom:video-encoder-webm-vp8: eb34c28f22e8b96e1ab97ce403110664 -> 
  custom:video-decoder-webm-vp8: 9c59270c3fd7afecdb556c50c9e8de78 -> 
  custom:audio-decoder-ogg-vorbis: bf7c407c2cedff20999df2af8eb42d56 -> 
  custom:audio-encoder-webm-vorbis: bf7c407c2cedff20999df2af8eb42d56 -> 
AssetImportWorkerClient::OnTransportError - code=2 error=End of file
